             :-) GROMACS - gmx mdrun, 2022.5-plumed_2.10.0_dev (-:

Copyright 1991-2022 The GROMACS Authors.
GROMACS is free software; you can redistribute it and/or modify it
under the terms of the GNU Lesser General Public License
as published by the Free Software Foundation; either version 2.1
of the License, or (at your option) any later version.

                         Current GROMACS contributors:
       Mark Abraham           Andrey Alekseenko           Cathrine Bergh      
      Christian Blau            Eliane Briand               Kevin Boyd        
     Oliver Fleetwood         Stefan Fleischmann           Vytas Gapsys       
       Gaurav Garg           Gilles Gouaillardet            Alan Gray         
      Victor Holanda           M. Eric Irrgang              Joe Jordan        
    Christoph Junghans        Prashanth Kanduri           Sebastian Kehl      
     Sebastian Keller          Carsten Kutzner           Magnus Lundborg      
       Pascal Merz              Dmitry Morozov             Szilard Pall       
      Roland Schulz             Michael Shirts         David van der Spoel    
     Alessandra Villa      Sebastian Wingbermuehle        Artem Zhmurov       

                         Previous GROMACS contributors:
        Emile Apol             Rossen Apostolov           James Barnett       
  Herman J.C. Berendsen          Par Bjelkmar           Viacheslav Bolnykh    
    Aldert van Buuren          Carlo Camilloni           Rudi van Drunen      
      Anton Feenstra           Gerrit Groenhof            Bert de Groot       
      Anca Hamuraru           Vincent Hindriksen         Aleksei Iupinov      
   Dimitrios Karkoulis           Peter Kasson               Jiri Kraus        
       Per Larsson             Justin A. Lemkul           Viveca Lindahl      
      Erik Marklund           Pieter Meulenhoff           Vedran Miletic      
      Teemu Murtola              Sander Pronk            Alexey Shvetsov      
      Alfons Sijbers            Peter Tieleman             Jon Vincent        
     Teemu Virolainen         Christian Wennberg           Maarten Wolf       

                  Coordinated by the GROMACS project leaders:
                    Paul Bauer, Berk Hess, and Erik Lindahl

GROMACS:      gmx mdrun, version 2022.5-plumed_2.10.0_dev
Executable:   /usr/local/gromacs/bin/gmx
Data prefix:  /usr/local/gromacs
Working dir:  /Users/lautarodibartolo/Desktop/phd/elastic_networks/alphasynuclein/with
Process ID:   97426
Command line:
  gmx mdrun -deffnm step4.2_equilibration -v

GROMACS version:    2022.5-plumed_2.10.0_dev
Precision:          mixed
Memory model:       64 bit
MPI library:        thread_mpi
OpenMP support:     enabled (GMX_OPENMP_MAX_THREADS = 128)
GPU support:        disabled
SIMD instructions:  ARM_NEON_ASIMD
CPU FFT library:    fftw-3.3.8
GPU FFT library:    none
TNG support:        enabled
Hwloc support:      disabled
Tracing support:    disabled
C compiler:         /opt/homebrew/bin/gcc-14 GNU 14.2.0
C compiler flags:   -Wno-missing-field-initializers -fexcess-precision=fast -funroll-all-loops -O3 -DNDEBUG
C++ compiler:       /opt/homebrew/bin/g++-14 GNU 14.2.0
C++ compiler flags: -Wno-missing-field-initializers -fexcess-precision=fast -funroll-all-loops SHELL:-fopenmp -O3 -DNDEBUG


Running on 1 node with total 0 processing units
Hardware detected:
  CPU info:
    Vendor: ARM
    Brand:  Unknown CPU brand
    Family: 0   Model: 0   Stepping: 0
    Features: neon neon_asimd
  Hardware topology: Only logical processor count
    CPU limit set by OS: -1   Recommended max number of threads: 10


++++ PLEASE READ AND CITE THE FOLLOWING REFERENCE ++++
M. J. Abraham, T. Murtola, R. Schulz, S. Páll, J. C. Smith, B. Hess, E.
Lindahl
GROMACS: High performance molecular simulations through multi-level
parallelism from laptops to supercomputers
SoftwareX 1 (2015) pp. 19-25
-------- -------- --- Thank You --- -------- --------


++++ PLEASE READ AND CITE THE FOLLOWING REFERENCE ++++
S. Páll, M. J. Abraham, C. Kutzner, B. Hess, E. Lindahl
Tackling Exascale Software Challenges in Molecular Dynamics Simulations with
GROMACS
In S. Markidis & E. Laure (Eds.), Solving Software Challenges for Exascale 8759 (2015) pp. 3-27
-------- -------- --- Thank You --- -------- --------


++++ PLEASE READ AND CITE THE FOLLOWING REFERENCE ++++
S. Pronk, S. Páll, R. Schulz, P. Larsson, P. Bjelkmar, R. Apostolov, M. R.
Shirts, J. C. Smith, P. M. Kasson, D. van der Spoel, B. Hess, and E. Lindahl
GROMACS 4.5: a high-throughput and highly parallel open source molecular
simulation toolkit
Bioinformatics 29 (2013) pp. 845-54
-------- -------- --- Thank You --- -------- --------


++++ PLEASE READ AND CITE THE FOLLOWING REFERENCE ++++
B. Hess and C. Kutzner and D. van der Spoel and E. Lindahl
GROMACS 4: Algorithms for highly efficient, load-balanced, and scalable
molecular simulation
J. Chem. Theory Comput. 4 (2008) pp. 435-447
-------- -------- --- Thank You --- -------- --------


++++ PLEASE READ AND CITE THE FOLLOWING REFERENCE ++++
D. van der Spoel, E. Lindahl, B. Hess, G. Groenhof, A. E. Mark and H. J. C.
Berendsen
GROMACS: Fast, Flexible and Free
J. Comp. Chem. 26 (2005) pp. 1701-1719
-------- -------- --- Thank You --- -------- --------


++++ PLEASE READ AND CITE THE FOLLOWING REFERENCE ++++
E. Lindahl and B. Hess and D. van der Spoel
GROMACS 3.0: A package for molecular simulation and trajectory analysis
J. Mol. Mod. 7 (2001) pp. 306-317
-------- -------- --- Thank You --- -------- --------


++++ PLEASE READ AND CITE THE FOLLOWING REFERENCE ++++
H. J. C. Berendsen, D. van der Spoel and R. van Drunen
GROMACS: A message-passing parallel molecular dynamics implementation
Comp. Phys. Comm. 91 (1995) pp. 43-56
-------- -------- --- Thank You --- -------- --------

Input Parameters:
   integrator                     = md
   tinit                          = 0
   dt                             = 0.02
   nsteps                         = 50000
   init-step                      = 0
   simulation-part                = 1
   mts                            = false
   comm-mode                      = Linear
   nstcomm                        = 100
   bd-fric                        = 0
   ld-seed                        = -403210307
   emtol                          = 10
   emstep                         = 0.01
   niter                          = 20
   fcstep                         = 0
   nstcgsteep                     = 1000
   nbfgscorr                      = 10
   rtpi                           = 0.05
   nstxout                        = 0
   nstvout                        = 0
   nstfout                        = 0
   nstlog                         = 1000
   nstcalcenergy                  = 100
   nstenergy                      = 1000
   nstxout-compressed             = 1000
   compressed-x-precision         = 100
   cutoff-scheme                  = Verlet
   nstlist                        = 20
   pbc                            = xyz
   periodic-molecules             = false
   verlet-buffer-tolerance        = 0.005
   rlist                          = 1.217
   coulombtype                    = Reaction-Field
   coulomb-modifier               = Potential-shift
   rcoulomb-switch                = 0
   rcoulomb                       = 1.1
   epsilon-r                      = 15
   epsilon-rf                     = inf
   vdw-type                       = Cut-off
   vdw-modifier                   = Potential-shift
   rvdw-switch                    = 0
   rvdw                           = 1.1
   DispCorr                       = No
   table-extension                = 1
   fourierspacing                 = 0.12
   fourier-nx                     = 0
   fourier-ny                     = 0
   fourier-nz                     = 0
   pme-order                      = 4
   ewald-rtol                     = 1e-05
   ewald-rtol-lj                  = 0.001
   lj-pme-comb-rule               = Geometric
   ewald-geometry                 = 3d
   epsilon-surface                = 0
   tcoupl                         = V-rescale
   nsttcouple                     = 10
   nh-chain-length                = 0
   print-nose-hoover-chain-variables = false
   pcoupl                         = Berendsen
   pcoupltype                     = Isotropic
   nstpcouple                     = 10
   tau-p                          = 5
   compressibility (3x3):
      compressibility[    0]={ 4.50000e-05,  0.00000e+00,  0.00000e+00}
      compressibility[    1]={ 0.00000e+00,  4.50000e-05,  0.00000e+00}
      compressibility[    2]={ 0.00000e+00,  0.00000e+00,  4.50000e-05}
   ref-p (3x3):
      ref-p[    0]={ 1.00000e+00,  0.00000e+00,  0.00000e+00}
      ref-p[    1]={ 0.00000e+00,  1.00000e+00,  0.00000e+00}
      ref-p[    2]={ 0.00000e+00,  0.00000e+00,  1.00000e+00}
   refcoord-scaling               = All
   posres-com (3):
      posres-com[0]= 0.00000e+00
      posres-com[1]= 0.00000e+00
      posres-com[2]= 0.00000e+00
   posres-comB (3):
      posres-comB[0]= 0.00000e+00
      posres-comB[1]= 0.00000e+00
      posres-comB[2]= 0.00000e+00
   QMMM                           = false
qm-opts:
   ngQM                           = 0
   constraint-algorithm           = Lincs
   continuation                   = false
   Shake-SOR                      = false
   shake-tol                      = 0.0001
   lincs-order                    = 4
   lincs-iter                     = 1
   lincs-warnangle                = 30
   nwall                          = 0
   wall-type                      = 9-3
   wall-r-linpot                  = -1
   wall-atomtype[0]               = -1
   wall-atomtype[1]               = -1
   wall-density[0]                = 0
   wall-density[1]                = 0
   wall-ewald-zfac                = 3
   pull                           = false
   awh                            = false
   rotation                       = false
   interactiveMD                  = false
   disre                          = No
   disre-weighting                = Conservative
   disre-mixed                    = false
   dr-fc                          = 1000
   dr-tau                         = 0
   nstdisreout                    = 100
   orire-fc                       = 0
   orire-tau                      = 0
   nstorireout                    = 100
   free-energy                    = no
   cos-acceleration               = 0
   deform (3x3):
      deform[    0]={ 0.00000e+00,  0.00000e+00,  0.00000e+00}
      deform[    1]={ 0.00000e+00,  0.00000e+00,  0.00000e+00}
      deform[    2]={ 0.00000e+00,  0.00000e+00,  0.00000e+00}
   simulated-tempering            = false
   swapcoords                     = no
   userint1                       = 0
   userint2                       = 0
   userint3                       = 0
   userint4                       = 0
   userreal1                      = 0
   userreal2                      = 0
   userreal3                      = 0
   userreal4                      = 0
   applied-forces:
     electric-field:
       x:
         E0                       = 0
         omega                    = 0
         t0                       = 0
         sigma                    = 0
       y:
         E0                       = 0
         omega                    = 0
         t0                       = 0
         sigma                    = 0
       z:
         E0                       = 0
         omega                    = 0
         t0                       = 0
         sigma                    = 0
     density-guided-simulation:
       active                     = false
       group                      = protein
       similarity-measure         = inner-product
       atom-spreading-weight      = unity
       force-constant             = 1e+09
       gaussian-transform-spreading-width = 0.2
       gaussian-transform-spreading-range-in-multiples-of-width = 4
       reference-density-filename = reference.mrc
       nst                        = 1
       normalize-densities        = true
       adaptive-force-scaling     = false
       adaptive-force-scaling-time-constant = 4
       shift-vector               = 
       transformation-matrix      = 
     qmmm-cp2k:
       active                     = false
       qmgroup                    = System
       qmmethod                   = PBE
       qmfilenames                = 
       qmcharge                   = 0
       qmmultiplicity             = 1
grpopts:
   nrdf:     720.985      145062
   ref-t:      303.15      303.15
   tau-t:           1           1
annealing:          No          No
annealing-npoints:           0           0
   acc:	           0           0           0
   nfreeze:           N           N           N
   energygrp-flags[  0]: 0

Changing nstlist from 20 to 25, rlist from 1.217 to 1.266

When checking whether update groups are usable:
  At least one moleculetype does not conform to the requirements for using update groups

Initializing Domain Decomposition on 10 ranks
Dynamic load balancing: auto
Minimum cell size due to atom displacement: 0.861 nm
Initial maximum distances in bonded interactions:
    two-body bonded interactions: 0.948 nm, Bond, atoms 225 232
  multi-body bonded interactions: 0.666 nm, G96Angle, atoms 283 289
Minimum cell size due to bonded interactions: 0.733 nm
Maximum distance for 5 constraints, at 120 deg. angles, all-trans: 1.581 nm
Estimated maximum distance required for P-LINCS: 1.581 nm
This distance will limit the DD cell size, you can override this with -rcon
Scaling the initial minimum size with 1/0.8 (option -dds) = 1.25
The system does not use PME for electrostatics or LJ
Optimizing the DD grid for 10 cells with a minimum initial size of 1.976 nm
The maximum allowed number of cells is: X 9 Y 9 Z 9
Domain decomposition grid 5 x 2 x 1, separate PME ranks 0
Domain decomposition rank 0, coordinates 0 0 0

The initial number of communication pulses is: X 1 Y 1
The initial domain decomposition cell size is: X 3.60 nm Y 9.00 nm

The maximum allowed distance for atoms involved in interactions is:
                 non-bonded interactions           1.266 nm
(the following are initial values, they could change due to box deformation)
            two-body bonded interactions  (-rdd)   1.266 nm
          multi-body bonded interactions  (-rdd)   1.266 nm
  atoms separated by up to 5 constraints  (-rcon)  3.600 nm

When dynamic load balancing gets turned on, these settings will change to:
The maximum number of communication pulses is: X 1 Y 1
The minimum size for domain decomposition cells is 1.581 nm
The requested allowed shrink of DD cells (option -dds) is: 0.80
The allowed shrink of domain decomposition cells is: X 0.44 Y 0.18
The maximum allowed distance for atoms involved in interactions is:
                 non-bonded interactions           1.266 nm
            two-body bonded interactions  (-rdd)   1.266 nm
          multi-body bonded interactions  (-rdd)   1.266 nm
  atoms separated by up to 5 constraints  (-rcon)  1.581 nm

Using 10 MPI threads
Using 1 OpenMP thread per tMPI thread

System total charge: 0.000
Reaction-Field:
epsRF = 0, rc = 1.1, krf = 0.375657, crf = 1.36364, epsfac = 9.26236
The electrostatics potential has its minimum at r = 1.1
Potential shift: LJ r^-12: -3.186e-01 r^-6: -5.645e-01


Using SIMD 4x4 nonbonded short-range kernels

Using a dual 4x4 pair-list setup updated with dynamic pruning:
  outer list: updated every 25 steps, buffer 0.166 nm, rlist 1.266 nm
  inner list: updated every  5 steps, buffer 0.004 nm, rlist 1.104 nm
At tolerance 0.005 kJ/mol/ps per atom, equivalent classical 1x1 list would be:
  outer list: updated every 25 steps, buffer 0.272 nm, rlist 1.372 nm
  inner list: updated every  5 steps, buffer 0.025 nm, rlist 1.125 nm

Using full Lennard-Jones parameter combination matrix
Removing pbc first time

Linking all bonded interactions to atoms


Initializing Parallel LINear Constraint Solver

++++ PLEASE READ AND CITE THE FOLLOWING REFERENCE ++++
B. Hess
P-LINCS: A Parallel Linear Constraint Solver for molecular simulation
J. Chem. Theory Comput. 4 (2008) pp. 116-122
-------- -------- --- Thank You --- -------- --------

The number of constraints is 164
There are constraints between atoms in different decomposition domains,
will communicate selected coordinates each lincs iteration
29 constraints are involved in constraint triangles,
will apply an additional matrix expansion of order 4 for couplings
between constraints inside triangles

Intra-simulation communication will occur every 5 steps.

++++ PLEASE READ AND CITE THE FOLLOWING REFERENCE ++++
G. Bussi, D. Donadio and M. Parrinello
Canonical sampling through velocity rescaling
J. Chem. Phys. 126 (2007) pp. 014101
-------- -------- --- Thank You --- -------- --------

There are: 48650 Atoms
Atom distribution over 10 domains: av 4865 stddev 119 min 4673 max 5019

Constraining the starting coordinates (step 0)

Constraining the coordinates at t0-dt (step 0)
Center of mass motion removal mode is Linear
We have the following groups for center of mass motion removal:
  0:  rest
RMS relative constraint deviation after constraining: 1.52e-05
Initial temperature: 303.192 K

Started mdrun on rank 0 Sun Nov 24 01:10:00 2024

           Step           Time
              0        0.00000

   Energies (kJ/mol)
           Bond       G96Angle  Restr. Angles    Proper Dih.  Improper Dih.
    1.46801e+02    1.11994e+02    4.36499e+01    4.74097e+01    7.99669e-01
        LJ (SR)   Coulomb (SR) Position Rest.      Potential    Kinetic En.
   -1.46283e+06   -7.37710e+03    7.33302e+03   -1.46252e+06    1.83826e+05
   Total Energy  Conserved En.    Temperature Pressure (bar)   Constr. rmsd
   -1.27869e+06   -1.27785e+06    3.03317e+02   -9.92883e+02    1.83416e-05


DD  step 24 load imb.: force 11.7%

step 50 Turning on dynamic load balancing, because the performance loss due to load imbalance is 8.8 %.
step 500 Turning off dynamic load balancing, because it is degrading performance.
Atom distribution over 10 domains: av 4865 stddev 24 min 4839 max 4927

DD  step 999 load imb.: force 33.6%
           Step           Time
           1000       20.00000

   Energies (kJ/mol)
           Bond       G96Angle  Restr. Angles    Proper Dih.  Improper Dih.
    2.96668e+02    2.24222e+02    6.59405e+01    1.23094e+02    2.75248e+00
        LJ (SR)   Coulomb (SR) Position Rest.      Potential    Kinetic En.
   -1.26302e+06   -7.79198e+03    3.82890e+02   -1.26972e+06    1.84363e+05
   Total Energy  Conserved En.    Temperature Pressure (bar)   Constr. rmsd
   -1.08535e+06   -1.28217e+06    3.04202e+02   -4.41922e+01    1.19098e-05


DD  step 1999 load imb.: force 48.0%
           Step           Time
           2000       40.00000

   Energies (kJ/mol)
           Bond       G96Angle  Restr. Angles    Proper Dih.  Improper Dih.
    2.48079e+02    2.57178e+02    9.54366e+01    1.43499e+02    7.97937e+00
        LJ (SR)   Coulomb (SR) Position Rest.      Potential    Kinetic En.
   -1.26440e+06   -7.96492e+03    3.51636e+02   -1.27126e+06    1.82467e+05
   Total Energy  Conserved En.    Temperature Pressure (bar)   Constr. rmsd
   -1.08879e+06   -1.28770e+06    3.01074e+02    9.28745e+00    1.20550e-05


DD  step 2999 load imb.: force 20.1%
           Step           Time
           3000       60.00000

   Energies (kJ/mol)
           Bond       G96Angle  Restr. Angles    Proper Dih.  Improper Dih.
    2.88081e+02    2.87126e+02    6.70623e+01    1.54226e+02    2.81311e+00
        LJ (SR)   Coulomb (SR) Position Rest.      Potential    Kinetic En.
   -1.26647e+06   -8.18990e+03    3.12470e+02   -1.27355e+06    1.82597e+05
   Total Energy  Conserved En.    Temperature Pressure (bar)   Constr. rmsd
   -1.09095e+06   -1.29330e+06    3.01289e+02   -1.95870e+01    1.04199e-05


DD  step 3999 load imb.: force 33.7%
           Step           Time
           4000       80.00000

   Energies (kJ/mol)
           Bond       G96Angle  Restr. Angles    Proper Dih.  Improper Dih.
    2.64422e+02    2.41166e+02    7.73567e+01    1.42511e+02    5.09360e+00
        LJ (SR)   Coulomb (SR) Position Rest.      Potential    Kinetic En.
   -1.26575e+06   -8.24210e+03    3.78583e+02   -1.27289e+06    1.83478e+05
   Total Energy  Conserved En.    Temperature Pressure (bar)   Constr. rmsd
   -1.08941e+06   -1.29888e+06    3.02743e+02    1.37952e+01    2.14143e-05


DD  step 4999 load imb.: force 15.7%

step 5000 Turning on dynamic load balancing, because the performance loss due to load imbalance is 11.4 %.
           Step           Time
           5000      100.00000

   Energies (kJ/mol)
           Bond       G96Angle  Restr. Angles    Proper Dih.  Improper Dih.
    2.43246e+02    2.21207e+02    7.89675e+01    1.49024e+02    5.39570e+00
        LJ (SR)   Coulomb (SR) Position Rest.      Potential    Kinetic En.
   -1.26670e+06   -8.26280e+03    3.30500e+02   -1.27394e+06    1.83557e+05
   Total Energy  Conserved En.    Temperature Pressure (bar)   Constr. rmsd
   -1.09038e+06   -1.30444e+06    3.02873e+02   -1.38566e+01    1.44812e-05

step 5500 Turning off dynamic load balancing, because it is degrading performance.
Atom distribution over 10 domains: av 4865 stddev 22 min 4832 max 4894

DD  step 5999 load imb.: force 21.8%
           Step           Time
           6000      120.00000

   Energies (kJ/mol)
           Bond       G96Angle  Restr. Angles    Proper Dih.  Improper Dih.
    3.15687e+02    2.44753e+02    8.17324e+01    1.53953e+02    1.64773e+00
        LJ (SR)   Coulomb (SR) Position Rest.      Potential    Kinetic En.
   -1.26584e+06   -8.46193e+03    3.53712e+02   -1.27315e+06    1.83629e+05
   Total Energy  Conserved En.    Temperature Pressure (bar)   Constr. rmsd
   -1.08952e+06   -1.31004e+06    3.02992e+02    8.69983e-01    1.55998e-05


DD  step 6999 load imb.: force 11.6%
           Step           Time
           7000      140.00000

   Energies (kJ/mol)
           Bond       G96Angle  Restr. Angles    Proper Dih.  Improper Dih.
    2.56342e+02    2.24475e+02    8.65013e+01    1.47548e+02    1.05985e+01
        LJ (SR)   Coulomb (SR) Position Rest.      Potential    Kinetic En.
   -1.26549e+06   -8.53684e+03    3.28468e+02   -1.27297e+06    1.83396e+05
   Total Energy  Conserved En.    Temperature Pressure (bar)   Constr. rmsd
   -1.08958e+06   -1.31558e+06    3.02607e+02    2.51031e+00    1.15880e-05


step 7500 Will no longer try dynamic load balancing, as it degraded performance.

DD  step 7999 load imb.: force 34.6%
           Step           Time
           8000      160.00000

   Energies (kJ/mol)
           Bond       G96Angle  Restr. Angles    Proper Dih.  Improper Dih.
    2.51391e+02    2.58462e+02    7.02199e+01    1.07143e+02    3.32669e+00
        LJ (SR)   Coulomb (SR) Position Rest.      Potential    Kinetic En.
   -1.26642e+06   -8.57957e+03    3.18922e+02   -1.27399e+06    1.83408e+05
   Total Energy  Conserved En.    Temperature Pressure (bar)   Constr. rmsd
   -1.09058e+06   -1.32117e+06    3.02627e+02    5.33777e+00    1.31166e-05


DD  step 8999 load imb.: force 31.1%
           Step           Time
           9000      180.00000

   Energies (kJ/mol)
           Bond       G96Angle  Restr. Angles    Proper Dih.  Improper Dih.
    2.47523e+02    2.32697e+02    7.81374e+01    1.47161e+02    8.90477e+00
        LJ (SR)   Coulomb (SR) Position Rest.      Potential    Kinetic En.
   -1.26696e+06   -8.60120e+03    3.35210e+02   -1.27451e+06    1.82452e+05
   Total Energy  Conserved En.    Temperature Pressure (bar)   Constr. rmsd
   -1.09206e+06   -1.32672e+06    3.01048e+02   -2.18622e+01    2.07236e-05


DD  step 9999 load imb.: force 10.2%
           Step           Time
          10000      200.00000

   Energies (kJ/mol)
           Bond       G96Angle  Restr. Angles    Proper Dih.  Improper Dih.
    2.57435e+02    2.10968e+02    6.70044e+01    1.62267e+02    5.47151e-01
        LJ (SR)   Coulomb (SR) Position Rest.      Potential    Kinetic En.
   -1.26539e+06   -8.58257e+03    3.66087e+02   -1.27291e+06    1.82986e+05
   Total Energy  Conserved En.    Temperature Pressure (bar)   Constr. rmsd
   -1.08992e+06   -1.33230e+06    3.01931e+02    4.62880e-01    1.30789e-05


DD  step 10999 load imb.: force 24.2%
           Step           Time
          11000      220.00000

   Energies (kJ/mol)
           Bond       G96Angle  Restr. Angles    Proper Dih.  Improper Dih.
    3.07516e+02    1.97946e+02    8.02174e+01    1.38899e+02    2.13537e+00
        LJ (SR)   Coulomb (SR) Position Rest.      Potential    Kinetic En.
   -1.26558e+06   -8.56712e+03    3.39183e+02   -1.27308e+06    1.82496e+05
   Total Energy  Conserved En.    Temperature Pressure (bar)   Constr. rmsd
   -1.09058e+06   -1.33790e+06    3.01122e+02    1.70080e+00    1.09824e-05


DD  step 11999 load imb.: force 38.7%
           Step           Time
          12000      240.00000

   Energies (kJ/mol)
           Bond       G96Angle  Restr. Angles    Proper Dih.  Improper Dih.
    2.85334e+02    2.53268e+02    6.71761e+01    1.55276e+02    1.06476e+00
        LJ (SR)   Coulomb (SR) Position Rest.      Potential    Kinetic En.
   -1.26566e+06   -8.52502e+03    3.54943e+02   -1.27306e+06    1.84861e+05
   Total Energy  Conserved En.    Temperature Pressure (bar)   Constr. rmsd
   -1.08820e+06   -1.34350e+06    3.05025e+02   -1.37511e+01    1.33309e-05


DD  step 12999 load imb.: force 35.4%
           Step           Time
          13000      260.00000

   Energies (kJ/mol)
           Bond       G96Angle  Restr. Angles    Proper Dih.  Improper Dih.
    2.76617e+02    2.20842e+02    8.28913e+01    1.71282e+02    4.07658e+00
        LJ (SR)   Coulomb (SR) Position Rest.      Potential    Kinetic En.
   -1.26594e+06   -8.62963e+03    3.28101e+02   -1.27349e+06    1.82879e+05
   Total Energy  Conserved En.    Temperature Pressure (bar)   Constr. rmsd
   -1.09061e+06   -1.34902e+06    3.01754e+02   -1.12870e+01    9.55624e-06


DD  step 13999 load imb.: force 21.6%
           Step           Time
          14000      280.00000

   Energies (kJ/mol)
           Bond       G96Angle  Restr. Angles    Proper Dih.  Improper Dih.
    2.74591e+02    2.85529e+02    7.33754e+01    1.52231e+02    4.09266e+00
        LJ (SR)   Coulomb (SR) Position Rest.      Potential    Kinetic En.
   -1.26579e+06   -8.56422e+03    3.59133e+02   -1.27321e+06    1.84165e+05
   Total Energy  Conserved En.    Temperature Pressure (bar)   Constr. rmsd
   -1.08904e+06   -1.35460e+06    3.03875e+02   -7.55877e+00    1.55549e-05


DD  step 14999 load imb.: force 33.0%
           Step           Time
          15000      300.00000

   Energies (kJ/mol)
           Bond       G96Angle  Restr. Angles    Proper Dih.  Improper Dih.
    3.12173e+02    2.71267e+02    5.89758e+01    1.28613e+02    1.00769e+00
        LJ (SR)   Coulomb (SR) Position Rest.      Potential    Kinetic En.
   -1.26645e+06   -8.62963e+03    3.95502e+02   -1.27391e+06    1.83641e+05
   Total Energy  Conserved En.    Temperature Pressure (bar)   Constr. rmsd
   -1.09027e+06   -1.36011e+06    3.03010e+02    6.54657e+00    1.76262e-05


DD  step 15999 load imb.: force 16.6%
           Step           Time
          16000      320.00000

   Energies (kJ/mol)
           Bond       G96Angle  Restr. Angles    Proper Dih.  Improper Dih.
    2.56701e+02    2.21416e+02    7.48722e+01    1.36240e+02    1.56750e+01
        LJ (SR)   Coulomb (SR) Position Rest.      Potential    Kinetic En.
   -1.26523e+06   -8.68214e+03    3.18148e+02   -1.27289e+06    1.84697e+05
   Total Energy  Conserved En.    Temperature Pressure (bar)   Constr. rmsd
   -1.08820e+06   -1.36575e+06    3.04753e+02   -1.24557e+01    1.48929e-05


DD  step 16999 load imb.: force 24.8%
           Step           Time
          17000      340.00000

   Energies (kJ/mol)
           Bond       G96Angle  Restr. Angles    Proper Dih.  Improper Dih.
    2.62863e+02    2.15570e+02    7.81982e+01    1.61142e+02    8.93827e+00
        LJ (SR)   Coulomb (SR) Position Rest.      Potential    Kinetic En.
   -1.26553e+06   -8.60948e+03    3.25614e+02   -1.27309e+06    1.82517e+05
   Total Energy  Conserved En.    Temperature Pressure (bar)   Constr. rmsd
   -1.09057e+06   -1.37125e+06    3.01156e+02    8.18053e+00    1.43974e-05


DD  step 17999 load imb.: force 31.7%
           Step           Time
          18000      360.00000

   Energies (kJ/mol)
           Bond       G96Angle  Restr. Angles    Proper Dih.  Improper Dih.
    2.82650e+02    2.11471e+02    7.62148e+01    1.49397e+02    4.50118e+00
        LJ (SR)   Coulomb (SR) Position Rest.      Potential    Kinetic En.
   -1.26609e+06   -8.74058e+03    3.64258e+02   -1.27374e+06    1.82588e+05
   Total Energy  Conserved En.    Temperature Pressure (bar)   Constr. rmsd
   -1.09115e+06   -1.37681e+06    3.01273e+02   -9.30790e+00    8.56094e-06


DD  step 18999 load imb.: force 28.8%
           Step           Time
          19000      380.00000

   Energies (kJ/mol)
           Bond       G96Angle  Restr. Angles    Proper Dih.  Improper Dih.
    2.73882e+02    2.57281e+02    7.76975e+01    1.47581e+02    7.00980e+00
        LJ (SR)   Coulomb (SR) Position Rest.      Potential    Kinetic En.
   -1.26441e+06   -8.58213e+03    3.30345e+02   -1.27190e+06    1.84385e+05
   Total Energy  Conserved En.    Temperature Pressure (bar)   Constr. rmsd
   -1.08751e+06   -1.38233e+06    3.04239e+02    8.26690e+00    1.17821e-05


DD  step 19999 load imb.: force 36.2%
           Step           Time
          20000      400.00000

   Energies (kJ/mol)
           Bond       G96Angle  Restr. Angles    Proper Dih.  Improper Dih.
    2.56391e+02    2.28722e+02    8.16266e+01    1.52940e+02    2.82920e+00
        LJ (SR)   Coulomb (SR) Position Rest.      Potential    Kinetic En.
   -1.26571e+06   -8.73598e+03    3.68920e+02   -1.27336e+06    1.83660e+05
   Total Energy  Conserved En.    Temperature Pressure (bar)   Constr. rmsd
   -1.08970e+06   -1.38797e+06    3.03042e+02   -1.02722e+01    1.44687e-05


DD  step 20999 load imb.: force 32.0%
           Step           Time
          21000      420.00000

   Energies (kJ/mol)
           Bond       G96Angle  Restr. Angles    Proper Dih.  Improper Dih.
    2.81292e+02    2.36206e+02    8.23032e+01    1.27420e+02    1.22155e+01
        LJ (SR)   Coulomb (SR) Position Rest.      Potential    Kinetic En.
   -1.26458e+06   -8.68841e+03    3.20029e+02   -1.27221e+06    1.83002e+05
   Total Energy  Conserved En.    Temperature Pressure (bar)   Constr. rmsd
   -1.08921e+06   -1.39349e+06    3.01957e+02    3.40907e-03    2.06087e-05


DD  step 21999 load imb.: force 22.1%
           Step           Time
          22000      440.00000

   Energies (kJ/mol)
           Bond       G96Angle  Restr. Angles    Proper Dih.  Improper Dih.
    2.46046e+02    2.19536e+02    7.27774e+01    1.53232e+02    5.03075e+00
        LJ (SR)   Coulomb (SR) Position Rest.      Potential    Kinetic En.
   -1.26354e+06   -8.72426e+03    3.36427e+02   -1.27123e+06    1.83350e+05
   Total Energy  Conserved En.    Temperature Pressure (bar)   Constr. rmsd
   -1.08788e+06   -1.39911e+06    3.02531e+02    1.17791e+01    1.38076e-05


DD  step 22999 load imb.: force 27.8%
           Step           Time
          23000      460.00000

   Energies (kJ/mol)
           Bond       G96Angle  Restr. Angles    Proper Dih.  Improper Dih.
    2.67815e+02    1.98486e+02    8.78601e+01    1.36821e+02    2.16471e+00
        LJ (SR)   Coulomb (SR) Position Rest.      Potential    Kinetic En.
   -1.26351e+06   -8.78807e+03    3.73944e+02   -1.27123e+06    1.84530e+05
   Total Energy  Conserved En.    Temperature Pressure (bar)   Constr. rmsd
   -1.08670e+06   -1.40475e+06    3.04479e+02    5.00908e+00    1.09913e-05


DD  step 23999 load imb.: force 24.9%
           Step           Time
          24000      480.00000

   Energies (kJ/mol)
           Bond       G96Angle  Restr. Angles    Proper Dih.  Improper Dih.
    2.51596e+02    2.28909e+02    7.83037e+01    1.26437e+02    3.32248e+00
        LJ (SR)   Coulomb (SR) Position Rest.      Potential    Kinetic En.
   -1.26527e+06   -8.79068e+03    3.32651e+02   -1.27304e+06    1.81327e+05
   Total Energy  Conserved En.    Temperature Pressure (bar)   Constr. rmsd
   -1.09171e+06   -1.41028e+06    2.99193e+02    1.06171e+01    1.40886e-05


DD  step 24999 load imb.: force 46.9%
           Step           Time
          25000      500.00000

   Energies (kJ/mol)
           Bond       G96Angle  Restr. Angles    Proper Dih.  Improper Dih.
    2.50180e+02    2.42192e+02    8.56431e+01    1.49513e+02    9.69262e+00
        LJ (SR)   Coulomb (SR) Position Rest.      Potential    Kinetic En.
   -1.26614e+06   -8.69364e+03    3.23009e+02   -1.27378e+06    1.83967e+05
   Total Energy  Conserved En.    Temperature Pressure (bar)   Constr. rmsd
   -1.08981e+06   -1.41587e+06    3.03549e+02    4.96040e+00    1.11893e-05


DD  step 25999 load imb.: force 24.7%
           Step           Time
          26000      520.00000

   Energies (kJ/mol)
           Bond       G96Angle  Restr. Angles    Proper Dih.  Improper Dih.
    2.59693e+02    1.85332e+02    5.99926e+01    1.37225e+02    9.23328e-01
        LJ (SR)   Coulomb (SR) Position Rest.      Potential    Kinetic En.
   -1.26726e+06   -8.80070e+03    3.13865e+02   -1.27510e+06    1.82644e+05
   Total Energy  Conserved En.    Temperature Pressure (bar)   Constr. rmsd
   -1.09246e+06   -1.42145e+06    3.01366e+02   -1.56708e+01    1.00454e-05


DD  step 26999 load imb.: force 38.1%
           Step           Time
          27000      540.00000

   Energies (kJ/mol)
           Bond       G96Angle  Restr. Angles    Proper Dih.  Improper Dih.
    2.71182e+02    2.21805e+02    7.41172e+01    1.46860e+02    5.49808e+00
        LJ (SR)   Coulomb (SR) Position Rest.      Potential    Kinetic En.
   -1.26642e+06   -8.84604e+03    3.15127e+02   -1.27423e+06    1.83216e+05
   Total Energy  Conserved En.    Temperature Pressure (bar)   Constr. rmsd
   -1.09102e+06   -1.42706e+06    3.02311e+02   -4.85435e+00    1.18597e-05


DD  step 27999 load imb.: force 40.1%
           Step           Time
          28000      560.00000

   Energies (kJ/mol)
           Bond       G96Angle  Restr. Angles    Proper Dih.  Improper Dih.
    2.95328e+02    2.19978e+02    7.46335e+01    1.39202e+02    1.54384e+00
        LJ (SR)   Coulomb (SR) Position Rest.      Potential    Kinetic En.
   -1.26440e+06   -8.66822e+03    3.32185e+02   -1.27201e+06    1.83779e+05
   Total Energy  Conserved En.    Temperature Pressure (bar)   Constr. rmsd
   -1.08823e+06   -1.43260e+06    3.03238e+02    1.17490e+01    8.89446e-06


DD  step 28999 load imb.: force 31.3%
           Step           Time
          29000      580.00000

   Energies (kJ/mol)
           Bond       G96Angle  Restr. Angles    Proper Dih.  Improper Dih.
    2.88982e+02    2.88022e+02    7.47099e+01    1.42999e+02    6.53804e+00
        LJ (SR)   Coulomb (SR) Position Rest.      Potential    Kinetic En.
   -1.26397e+06   -8.75327e+03    3.36990e+02   -1.27158e+06    1.82873e+05
   Total Energy  Conserved En.    Temperature Pressure (bar)   Constr. rmsd
   -1.08871e+06   -1.43816e+06    3.01744e+02    3.11262e+01    2.22988e-05


DD  step 29999 load imb.: force 24.1%
           Step           Time
          30000      600.00000

   Energies (kJ/mol)
           Bond       G96Angle  Restr. Angles    Proper Dih.  Improper Dih.
    2.80346e+02    2.87517e+02    7.62641e+01    1.38932e+02    5.57471e+00
        LJ (SR)   Coulomb (SR) Position Rest.      Potential    Kinetic En.
   -1.26495e+06   -8.68640e+03    3.65613e+02   -1.27248e+06    1.83908e+05
   Total Energy  Conserved En.    Temperature Pressure (bar)   Constr. rmsd
   -1.08858e+06   -1.44377e+06    3.03452e+02    1.82063e+00    1.09913e-05


DD  step 30999 load imb.: force 26.6%
           Step           Time
          31000      620.00000

   Energies (kJ/mol)
           Bond       G96Angle  Restr. Angles    Proper Dih.  Improper Dih.
    2.37309e+02    2.28409e+02    8.27250e+01    1.39084e+02    1.78428e+00
        LJ (SR)   Coulomb (SR) Position Rest.      Potential    Kinetic En.
   -1.26468e+06   -8.83903e+03    3.37261e+02   -1.27250e+06    1.83657e+05
   Total Energy  Conserved En.    Temperature Pressure (bar)   Constr. rmsd
   -1.08884e+06   -1.44931e+06    3.03037e+02   -1.26339e-01    9.00339e-06


DD  step 31999 load imb.: force 37.3%
           Step           Time
          32000      640.00000

   Energies (kJ/mol)
           Bond       G96Angle  Restr. Angles    Proper Dih.  Improper Dih.
    2.42134e+02    2.85992e+02    6.90591e+01    1.53663e+02    4.45498e+00
        LJ (SR)   Coulomb (SR) Position Rest.      Potential    Kinetic En.
   -1.26575e+06   -8.95218e+03    3.42225e+02   -1.27360e+06    1.83613e+05
   Total Energy  Conserved En.    Temperature Pressure (bar)   Constr. rmsd
   -1.08999e+06   -1.45494e+06    3.02965e+02   -4.51212e+00    1.38185e-05


DD  step 32999 load imb.: force 47.3%
           Step           Time
          33000      660.00000

   Energies (kJ/mol)
           Bond       G96Angle  Restr. Angles    Proper Dih.  Improper Dih.
    2.78854e+02    2.40374e+02    7.57294e+01    1.37941e+02    9.06967e+00
        LJ (SR)   Coulomb (SR) Position Rest.      Potential    Kinetic En.
   -1.26563e+06   -8.87756e+03    3.29773e+02   -1.27344e+06    1.82984e+05
   Total Energy  Conserved En.    Temperature Pressure (bar)   Constr. rmsd
   -1.09045e+06   -1.46046e+06    3.01927e+02    4.51778e+00    1.41871e-05


DD  step 33999 load imb.: force 23.3%
           Step           Time
          34000      680.00000

   Energies (kJ/mol)
           Bond       G96Angle  Restr. Angles    Proper Dih.  Improper Dih.
    2.86916e+02    2.22656e+02    7.40359e+01    1.68061e+02    4.95694e+00
        LJ (SR)   Coulomb (SR) Position Rest.      Potential    Kinetic En.
   -1.26533e+06   -8.99829e+03    3.61305e+02   -1.27321e+06    1.84506e+05
   Total Energy  Conserved En.    Temperature Pressure (bar)   Constr. rmsd
   -1.08870e+06   -1.46611e+06    3.04439e+02   -6.89161e+00    1.04104e-05


DD  step 34999 load imb.: force 24.1%
           Step           Time
          35000      700.00000

   Energies (kJ/mol)
           Bond       G96Angle  Restr. Angles    Proper Dih.  Improper Dih.
    3.09965e+02    2.14166e+02    6.72536e+01    1.33961e+02    3.20553e+00
        LJ (SR)   Coulomb (SR) Position Rest.      Potential    Kinetic En.
   -1.26598e+06   -8.93269e+03    3.38280e+02   -1.27384e+06    1.83490e+05
   Total Energy  Conserved En.    Temperature Pressure (bar)   Constr. rmsd
   -1.09035e+06   -1.47167e+06    3.02763e+02    2.22560e+00    1.38160e-05


DD  step 35999 load imb.: force 20.3%
           Step           Time
          36000      720.00000

   Energies (kJ/mol)
           Bond       G96Angle  Restr. Angles    Proper Dih.  Improper Dih.
    2.78907e+02    2.26261e+02    7.00561e+01    1.55015e+02    7.02812e+00
        LJ (SR)   Coulomb (SR) Position Rest.      Potential    Kinetic En.
   -1.26381e+06   -9.05701e+03    3.37974e+02   -1.27179e+06    1.83511e+05
   Total Energy  Conserved En.    Temperature Pressure (bar)   Constr. rmsd
   -1.08828e+06   -1.47726e+06    3.02797e+02    7.79144e+00    1.11911e-05


DD  step 36999 load imb.: force 21.3%
           Step           Time
          37000      740.00000

   Energies (kJ/mol)
           Bond       G96Angle  Restr. Angles    Proper Dih.  Improper Dih.
    2.84114e+02    2.47940e+02    7.64228e+01    1.30703e+02    4.57570e+00
        LJ (SR)   Coulomb (SR) Position Rest.      Potential    Kinetic En.
   -1.26466e+06   -9.07497e+03    3.27548e+02   -1.27266e+06    1.83744e+05
   Total Energy  Conserved En.    Temperature Pressure (bar)   Constr. rmsd
   -1.08892e+06   -1.48285e+06    3.03182e+02    6.74740e+00    1.64003e-05


DD  step 37999 load imb.: force 29.8%
           Step           Time
          38000      760.00000

   Energies (kJ/mol)
           Bond       G96Angle  Restr. Angles    Proper Dih.  Improper Dih.
    2.67236e+02    2.43916e+02    7.94718e+01    1.41467e+02    7.61460e+00
        LJ (SR)   Coulomb (SR) Position Rest.      Potential    Kinetic En.
   -1.26558e+06   -9.15344e+03    3.60827e+02   -1.27364e+06    1.83945e+05
   Total Energy  Conserved En.    Temperature Pressure (bar)   Constr. rmsd
   -1.08969e+06   -1.48845e+06    3.03512e+02   -2.16232e+01    7.52186e-06


DD  step 38999 load imb.: force 33.3%
           Step           Time
          39000      780.00000

   Energies (kJ/mol)
           Bond       G96Angle  Restr. Angles    Proper Dih.  Improper Dih.
    2.63685e+02    2.32156e+02    8.19933e+01    1.45275e+02    1.52764e+00
        LJ (SR)   Coulomb (SR) Position Rest.      Potential    Kinetic En.
   -1.26521e+06   -9.12475e+03    3.65792e+02   -1.27324e+06    1.84300e+05
   Total Energy  Conserved En.    Temperature Pressure (bar)   Constr. rmsd
   -1.08894e+06   -1.49399e+06    3.04098e+02    7.68169e+00    1.14236e-05


DD  step 39999 load imb.: force 43.8%
           Step           Time
          40000      800.00000

   Energies (kJ/mol)
           Bond       G96Angle  Restr. Angles    Proper Dih.  Improper Dih.
    2.59509e+02    2.49825e+02    7.37629e+01    1.31296e+02    2.02534e+00
        LJ (SR)   Coulomb (SR) Position Rest.      Potential    Kinetic En.
   -1.26523e+06   -9.02713e+03    3.60676e+02   -1.27318e+06    1.82733e+05
   Total Energy  Conserved En.    Temperature Pressure (bar)   Constr. rmsd
   -1.09044e+06   -1.49952e+06    3.01512e+02   -9.49511e+00    1.24285e-05


DD  step 40999 load imb.: force 13.8%
           Step           Time
          41000      820.00000

   Energies (kJ/mol)
           Bond       G96Angle  Restr. Angles    Proper Dih.  Improper Dih.
    2.60040e+02    2.29573e+02    9.25745e+01    1.43667e+02    2.95091e+00
        LJ (SR)   Coulomb (SR) Position Rest.      Potential    Kinetic En.
   -1.26635e+06   -9.04452e+03    3.12977e+02   -1.27435e+06    1.83328e+05
   Total Energy  Conserved En.    Temperature Pressure (bar)   Constr. rmsd
   -1.09102e+06   -1.50512e+06    3.02494e+02   -1.06314e+01    2.31821e-05


DD  step 41999 load imb.: force 37.4%
           Step           Time
          42000      840.00000

   Energies (kJ/mol)
           Bond       G96Angle  Restr. Angles    Proper Dih.  Improper Dih.
    2.65183e+02    2.11018e+02    7.99023e+01    1.35083e+02    4.09006e+00
        LJ (SR)   Coulomb (SR) Position Rest.      Potential    Kinetic En.
   -1.26505e+06   -9.06143e+03    3.41839e+02   -1.27308e+06    1.82743e+05
   Total Energy  Conserved En.    Temperature Pressure (bar)   Constr. rmsd
   -1.09033e+06   -1.51067e+06    3.01529e+02    1.23315e+01    1.01199e-05


DD  step 42999 load imb.: force 31.7%
           Step           Time
          43000      860.00000

   Energies (kJ/mol)
           Bond       G96Angle  Restr. Angles    Proper Dih.  Improper Dih.
    2.67098e+02    2.05713e+02    7.20123e+01    1.36225e+02    6.70658e+00
        LJ (SR)   Coulomb (SR) Position Rest.      Potential    Kinetic En.
   -1.26650e+06   -8.97167e+03    3.26962e+02   -1.27446e+06    1.81755e+05
   Total Energy  Conserved En.    Temperature Pressure (bar)   Constr. rmsd
   -1.09270e+06   -1.51625e+06    2.99899e+02   -1.90510e+01    1.14341e-05


DD  step 43999 load imb.: force 33.6%
           Step           Time
          44000      880.00000

   Energies (kJ/mol)
           Bond       G96Angle  Restr. Angles    Proper Dih.  Improper Dih.
    2.32937e+02    2.53825e+02    6.38639e+01    1.23515e+02    1.92146e+00
        LJ (SR)   Coulomb (SR) Position Rest.      Potential    Kinetic En.
   -1.26604e+06   -8.99495e+03    3.19973e+02   -1.27404e+06    1.81800e+05
   Total Energy  Conserved En.    Temperature Pressure (bar)   Constr. rmsd
   -1.09224e+06   -1.52184e+06    2.99974e+02    1.60334e+00    1.57315e-05


DD  step 44999 load imb.: force 30.0%
           Step           Time
          45000      900.00000

   Energies (kJ/mol)
           Bond       G96Angle  Restr. Angles    Proper Dih.  Improper Dih.
    2.91340e+02    2.31345e+02    7.18118e+01    1.28437e+02    9.43022e+00
        LJ (SR)   Coulomb (SR) Position Rest.      Potential    Kinetic En.
   -1.26615e+06   -9.17696e+03    3.11228e+02   -1.27428e+06    1.84362e+05
   Total Energy  Conserved En.    Temperature Pressure (bar)   Constr. rmsd
   -1.08992e+06   -1.52738e+06    3.04200e+02   -2.67359e+00    1.26969e-05


DD  step 45999 load imb.: force 24.8%
           Step           Time
          46000      920.00000

   Energies (kJ/mol)
           Bond       G96Angle  Restr. Angles    Proper Dih.  Improper Dih.
    2.62402e+02    2.05727e+02    8.44626e+01    1.17960e+02    7.49439e+00
        LJ (SR)   Coulomb (SR) Position Rest.      Potential    Kinetic En.
   -1.26423e+06   -9.27072e+03    3.51016e+02   -1.27248e+06    1.81742e+05
   Total Energy  Conserved En.    Temperature Pressure (bar)   Constr. rmsd
   -1.09073e+06   -1.53292e+06    2.99878e+02    9.75440e-02    1.49625e-05


DD  step 46999 load imb.: force 17.1%
           Step           Time
          47000      940.00000

   Energies (kJ/mol)
           Bond       G96Angle  Restr. Angles    Proper Dih.  Improper Dih.
    2.96258e+02    2.14537e+02    7.17073e+01    1.46314e+02    1.34451e+00
        LJ (SR)   Coulomb (SR) Position Rest.      Potential    Kinetic En.
   -1.26591e+06   -9.23325e+03    3.32472e+02   -1.27408e+06    1.82987e+05
   Total Energy  Conserved En.    Temperature Pressure (bar)   Constr. rmsd
   -1.09110e+06   -1.53852e+06    3.01933e+02   -3.19052e+01    1.24703e-05


DD  step 47999 load imb.: force 23.7%
           Step           Time
          48000      960.00000

   Energies (kJ/mol)
           Bond       G96Angle  Restr. Angles    Proper Dih.  Improper Dih.
    2.94492e+02    2.38995e+02    6.98482e+01    1.35015e+02    1.28565e+00
        LJ (SR)   Coulomb (SR) Position Rest.      Potential    Kinetic En.
   -1.26484e+06   -9.03935e+03    3.33699e+02   -1.27281e+06    1.82688e+05
   Total Energy  Conserved En.    Temperature Pressure (bar)   Constr. rmsd
   -1.09012e+06   -1.54407e+06    3.01439e+02    1.70128e+01    1.54784e-05


DD  step 48999 load imb.: force 33.5%
           Step           Time
          49000      980.00000

   Energies (kJ/mol)
           Bond       G96Angle  Restr. Angles    Proper Dih.  Improper Dih.
    2.38707e+02    2.66176e+02    8.65804e+01    1.20046e+02    2.09000e+00
        LJ (SR)   Coulomb (SR) Position Rest.      Potential    Kinetic En.
   -1.26612e+06   -9.10198e+03    3.23409e+02   -1.27419e+06    1.82686e+05
   Total Energy  Conserved En.    Temperature Pressure (bar)   Constr. rmsd
   -1.09150e+06   -1.54964e+06    3.01435e+02   -8.21619e+00    1.44152e-05


DD  step 49999 load imb.: force 37.9%
           Step           Time
          50000     1000.00000

Writing checkpoint, step 50000 at Sun Nov 24 01:11:50 2024


   Energies (kJ/mol)
           Bond       G96Angle  Restr. Angles    Proper Dih.  Improper Dih.
    2.89542e+02    2.19775e+02    7.36783e+01    1.17230e+02    6.26334e-01
        LJ (SR)   Coulomb (SR) Position Rest.      Potential    Kinetic En.
   -1.26513e+06   -8.98758e+03    3.78505e+02   -1.27304e+06    1.83948e+05
   Total Energy  Conserved En.    Temperature Pressure (bar)   Constr. rmsd
   -1.08909e+06   -1.55518e+06    3.03517e+02    1.26400e+01    1.38567e-05


Energy conservation over simulation part #1 of length 1000 ps, time 0 to 1000 ps
  Conserved energy drift: -5.70e-03 kJ/mol/ps per atom


	<======  ###############  ==>
	<====  A V E R A G E S  ====>
	<==  ###############  ======>

	Statistics over 50001 steps using 501 frames

   Energies (kJ/mol)
           Bond       G96Angle  Restr. Angles    Proper Dih.  Improper Dih.
    2.70170e+02    2.33481e+02    7.62073e+01    1.40608e+02    4.37771e+00
        LJ (SR)   Coulomb (SR) Position Rest.      Potential    Kinetic En.
   -1.26579e+06   -8.74464e+03    3.54370e+02   -1.27346e+06    1.83243e+05
   Total Energy  Conserved En.    Temperature Pressure (bar)   Constr. rmsd
   -1.09021e+06   -1.41590e+06    3.02354e+02   -3.23258e+00    0.00000e+00

          Box-X          Box-Y          Box-Z
    1.78838e+01    1.78838e+01    1.78838e+01

   Total Virial (kJ/mol)
    6.16447e+04   -6.39664e+01   -2.77533e+01
   -6.39652e+01    6.15794e+04    1.04210e+02
   -2.77520e+01    1.04216e+02    6.17202e+04

   Pressure (bar)
   -3.13321e+00    5.48509e-01    2.81923e-01
    5.48502e-01   -2.91182e+00   -5.06371e-01
    2.81915e-01   -5.06410e-01   -3.65273e+00

      T-PROTEIN       T-SOLUTE
    3.03960e+02    3.02346e+02


	M E G A - F L O P S   A C C O U N T I N G

 NB=Group-cutoff nonbonded kernels    NxN=N-by-N cluster Verlet kernels
 RF=Reaction-Field  VdW=Van der Waals  QSTab=quadratic-spline table
 W3=SPC/TIP3p  W4=TIP4p (single or pairs)
 V&F=Potential and force  V=Potential only  F=Force only

 Computing:                               M-Number         M-Flops  % Flops
-----------------------------------------------------------------------------
 Pair Search distance check           12364.406416      111279.658     1.3
 NxN RF Elec. + LJ [F]                20602.948408      782912.040     9.2
 NxN RF Elec. + LJ [V&F]                208.502280       11259.123     0.1
 NxN LJ [F]                          225391.756160     7437927.953    87.7
 NxN LJ [V&F]                          2281.163120       98090.014     1.2
 NxN RF Electrostatics [F]               47.210568        1463.528     0.0
 NxN RF Electrostatics [V&F]              0.480424          17.295     0.0
 Reset In Box                            97.251350         291.754     0.0
 CG-CoM                                  97.397300         292.192     0.0
 Bonds                                   23.100462        1362.927     0.0
 Angles                                  14.450289        2427.649     0.0
 Propers                                  3.850077         881.668     0.0
 Impropers                                0.200004          41.601     0.0
 Pos. Restr.                              7.000140         350.007     0.0
 Virial                                 245.549100        4419.884     0.1
 Stop-CM                                 24.422300         244.223     0.0
 P-Coupling                             243.298650        1459.792     0.0
 Calc-Ekin                              973.097300       26273.627     0.3
 Lincs                                   11.395189         683.711     0.0
 Lincs-Mat                              191.444988         765.780     0.0
 Constraint-V                            22.789964         205.110     0.0
 Constraint-Vir                           1.139667          27.352     0.0
-----------------------------------------------------------------------------
 Total                                                 8482676.887   100.0
-----------------------------------------------------------------------------


    D O M A I N   D E C O M P O S I T I O N   S T A T I S T I C S

 av. #atoms communicated per step for force:  2 x 26049.2
 av. #atoms communicated per step for LINCS:  2 x 68.1


Dynamic load balancing report:
 DLB got disabled because it was unsuitable to use.
 Average load imbalance: 29.3%.
 The balanceable part of the MD step is 40%, load imbalance is computed from this.
 Part of the total run time spent waiting due to load imbalance: 11.8%.

NOTE: 11.8 % of the available CPU time was lost due to load imbalance
      in the domain decomposition.
      You can consider manually changing the decomposition (option -dd);
      e.g. by using fewer domains along the box dimension in which there is
      considerable inhomogeneity in the simulated system.

     R E A L   C Y C L E   A N D   T I M E   A C C O U N T I N G

On 10 MPI ranks

 Computing:          Num   Num      Call    Wall time         Giga-Cycles
                     Ranks Threads  Count      (s)         total sum    %
-----------------------------------------------------------------------------
 Domain decomp.        10    1       2001       2.843          0.682   2.6
 DD comm. load         10    1        530       0.048          0.012   0.0
 DD comm. bounds       10    1         38       0.004          0.001   0.0
 Neighbor search       10    1       2001       4.881          1.171   4.5
 Comm. coord.          10    1      48000       6.083          1.460   5.6
 Force                 10    1      50001      36.349          8.724  33.3
 Wait + Comm. F        10    1      50001      43.796         10.511  40.1
 NB X/F buffer ops.    10    1     146001       1.227          0.294   1.1
 Write traj.           10    1         51       0.068          0.016   0.1
 Update                10    1      50001       0.580          0.139   0.5
 Constraints           10    1      50003       9.696          2.327   8.9
 Comm. energies        10    1      10001       2.693          0.646   2.5
 Rest                                           0.924          0.222   0.8
-----------------------------------------------------------------------------
 Total                                        109.193         26.206 100.0
-----------------------------------------------------------------------------

               Core t (s)   Wall t (s)        (%)
       Time:     1091.925      109.193     1000.0
                 (ns/day)    (hour/ns)
Performance:      791.277        0.030
Finished mdrun on rank 0 Sun Nov 24 01:11:50 2024

